<?xml version="1.0" encoding="UTF-8"?>
<!-- Generated by org.testng.reporters.JUnitReportReporter -->
<testsuite hostname="DESKTOP-RMQC6MS" failures="0" tests="2" name="cucumber.TestNGTestRunner" time="0.082" errors="2" timestamp="2024-09-24T12:13:20 IST" skipped="0">
  <testcase classname="cucumber.TestNGTestRunner" name="runScenario" time="0.076">
    <error message="The provided search context cannot be null" type="java.lang.NullPointerException">
      <![CDATA[java.lang.NullPointerException: The provided search context cannot be null
at com.google.common.base.Preconditions.checkNotNull(Preconditions.java:922)
at io.appium.java_client.pagefactory.AppiumFieldDecorator.requireWebDriverReference(AppiumFieldDecorator.java:129)
at io.appium.java_client.pagefactory.AppiumFieldDecorator.<init>(AppiumFieldDecorator.java:86)
at io.appium.java_client.pagefactory.AppiumFieldDecorator.<init>(AppiumFieldDecorator.java:100)
at org.cooee.pageObjects.android.SignupAndLoginScreenPage.<init>(SignupAndLoginScreenPage.java:19)
at cooee.stepDefinations.StepDefinations.setUp(StepDefinations.java:28)
]]>
    </error>
  </testcase> <!-- runScenario -->
  <system-out/>
  <testcase classname="cucumber.TestNGTestRunner" name="runScenario" time="0.006">
    <error message="The provided search context cannot be null" type="java.lang.NullPointerException">
      <![CDATA[java.lang.NullPointerException: The provided search context cannot be null
at com.google.common.base.Preconditions.checkNotNull(Preconditions.java:922)
at io.appium.java_client.pagefactory.AppiumFieldDecorator.requireWebDriverReference(AppiumFieldDecorator.java:129)
at io.appium.java_client.pagefactory.AppiumFieldDecorator.<init>(AppiumFieldDecorator.java:86)
at io.appium.java_client.pagefactory.AppiumFieldDecorator.<init>(AppiumFieldDecorator.java:100)
at org.cooee.pageObjects.android.SignupAndLoginScreenPage.<init>(SignupAndLoginScreenPage.java:19)
at cooee.stepDefinations.StepDefinations.setUp(StepDefinations.java:28)
]]>
    </error>
  </testcase> <!-- runScenario -->
  <system-out/>
</testsuite> <!-- cucumber.TestNGTestRunner -->
